0   x000:   RETLW    252 xFC   b11111100 o374
1   x001:   RETLW    096 x60   b01100000 o140
2   x002:   RETLW    218 xDA   b11011010 o332
3   x003:   RETLW    242 xF2   b11110010 o362
4   x004:   RETLW    102 x66   b01100110 o146
5   x005:   RETLW    182 xB6   b10110110 o266
6   x006:   RETLW    190 xBE   b10111110 o276
7   x007:   RETLW    224 xE0   b11100000 o340
8   x008:   RETLW    254 xFE   b11111110 o376
9   x009:   RETLW    230 xE6   b11100110 o346
10  x00A:   RETLW    033 x21   b00100001 o041
11  x00B:   RETLW    038 x26   b00100110 o046
12  x00C:   RETLW    037 x25   b00100101 o045
13  x00D:   RETLW    036 x24   b00100100 o044
14  x00E:   RETLW    035 x23   b00100011 o043
15  x00F:   RETLW    036 x24   b00100100 o044
16  x010:   RETLW    034 x22   b00100010 o042
17  x011:   RETLW    000 x00   b00000000 o000
18  x012:   RETLW    075 x4B   b01001011 o113
19  x013:   RETLW    033 x21   b00100001 o041
20  x014:   RETLW    029 x1D   b00011101 o035
21  x015:   RETLW    024 x18   b00011000 o030
22  x016:   RETLW    021 x15   b00010101 o025
23  x017:   RETLW    018 x12   b00010010 o022
24  x018:   MOVWF    F2 
25  x019:   MOVLW    10  x0A   b00001010 o012
26  x01A:   MOVWF    F11
27  x01B:   MOVF     F11 D0
28  x01C:   INCF     F11 D1
29  x01D:   CALL     24  x18   b00011000 o030
30  x01E:   MOVWF    F13
31  x01F:   MOVF     F13 D0
32  x020:   BTFSC    F3  B2
33  x021:   RETLW    000 x00   b00000000 o000
34  x022:   MOVLW    224 xE0   b11100000 o340
35  x023:   ANDWF    F13 D0
36  x024:   MOVWF    F14
37  x025:   MOVLW    7   x07   b00000111 o007
38  x026:   ANDWF    F13 D0
39  x027:   MOVWF    F16
40  x028:   MOVLW    17  x11   b00010001 o021
41  x029:   ADDWF    F16 D0
42  x02A:   CALL     24  x18   b00011000 o030
43  x02B:   MOVWF    F18
44  x02C:   MOVF     F18 D0
45  x02D:   MOVWF    F17
46  x02E:   DECFSZ   F16 D1
47  x02F:   GOTO     51  x033 b000110011 o063
48  x030:   DECFSZ   F14 D1
49  x031:   GOTO     51  x033 b000110011 o063
50  x032:   GOTO     27  x01B b000011011 o033
51  x033:   DECFSZ   F17 D1
52  x034:   GOTO     46  x02E b000101110 o056
53  x035:   MOVLW    1   x01   b00000001 o001
54  x036:   XORWF    F5  D1
55  x037:   GOTO     44  x02C b000101100 o054
56  x038:   XORWF    F23 D1
57  x039:   BSF      F12 B1
58  x03A:   MOVLW    16  x10   b00010000 o020
59  x03B:   BTFSC    F11 B3
60  x03C:   MOVLW    32  x20   b00100000 o040
61  x03D:   BTFSC    F11 B4
62  x03E:   MOVLW    8   x08   b00001000 o010
63  x03F:   BTFSS    F5  B6
64  x040:   MOVLW    16  x10   b00010000 o020
65  x041:   MOVWF    F24
66  x042:   MOVLW    64  x40   b01000000 o100
67  x043:   MOVWF    F19
68  x044:   CALL     92  x5C   b01011100 o134
69  x045:   MOVF     F12 D0
70  x046:   BTFSC    F3  B2
71  x047:   GOTO     88  x058 b001011000 o130
72  x048:   MOVF     F21 D0
73  x049:   BTFSS    F3  B2
74  x04A:   GOTO     87  x057 b001010111 o127
75  x04B:   COMF     F5  D0
76  x04C:   IORLW    254 xFE   b11111110 o376
77  x04D:   MOVWF    F5 
78  x04E:   BTFSC    F12 B0
79  x04F:   MOVLW    3   x03   b00000011 o003
80  x050:   BTFSC    F12 B1
81  x051:   MOVLW    1   x01   b00000001 o001
82  x052:   BTFSC    F12 B4
83  x053:   MOVLW    7   x07   b00000111 o007
84  x054:   BTFSC    F12 B5
85  x055:   MOVLW    2   x02   b00000010 o002
86  x056:   MOVWF    F21
87  x057:   DECF     F21 D1
88  x058:   DECFSZ   F19 D1
89  x059:   GOTO     68  x044 b001000100 o104
90  x05A:   DECFSZ   F24 D1
91  x05B:   GOTO     110 x06E b001101110 o156
92  x05C:   MOVLW    255 xFF   b11111111 o377
93  x05D:   MOVWF    F7 
94  x05E:   CLRF     F6 
95  x05F:   BSF      F3  B0
96  x060:   RRF      F8  D1
97  x061:   MOVLW    223 xDF   b11011111 o337
98  x062:   BTFSS    F3  B0
99  x063:   MOVWF    F8 
100 x064:   MOVF     F8  D0
101 x065:   BSF      F8  B6
102 x066:   MOVWF    F4 
103 x067:   COMF     F0  D0
104 x068:   MOVWF    F7 
105 x069:   BCF      F3  B0
106 x06A:   RLF      F4  D1
107 x06B:   MOVF     F0  D0
108 x06C:   MOVWF    F6 
109 x06D:   RETLW    000 x00   b00000000 o000
110 x06E:   MOVLW    3   x03   b00000011 o003
111 x06F:   XORWF    F24 D0
112 x070:   BTFSS    F3  B2
113 x071:   GOTO     116 x074 b001110100 o164
114 x072:   CLRF     F12
115 x073:   CLRF     F21
116 x074:   BTFSS    F20 B0
117 x075:   GOTO     131 x083 b010000011 o203
118 x076:   BSF      F15 B3
119 x077:   BTFSC    F5  B7
120 x078:   GOTO     129 x081 b010000001 o201
121 x079:   MOVLW    7   x07   b00000111 o007
122 x07A:   ANDWF    F15 D0
123 x07B:   BTFSS    F3  B2
124 x07C:   GOTO     134 x086 b010000110 o206
125 x07D:   BTFSC    F15 B7
126 x07E:   GOTO     66  x042 b001000010 o102
127 x07F:   BSF      F15 B2
128 x080:   GOTO     131 x083 b010000011 o203
129 x081:   MOVLW    120 x78   b01111000 o170
130 x082:   ANDWF    F15 D1
131 x083:   MOVLW    16  x10   b00010000 o020
132 x084:   MOVWF    F16
133 x085:   GOTO     66  x042 b001000010 o102
134 x086:   BSF      F20 B2
135 x087:   DECFSZ   F16 D1
136 x088:   GOTO     66  x042 b001000010 o102
137 x089:   BTFSC    F15 B0
138 x08A:   MOVLW    129 x81   b10000001 o201
139 x08B:   BTFSC    F15 B1
140 x08C:   MOVLW    3   x03   b00000011 o003
141 x08D:   BTFSC    F15 B2
142 x08E:   MOVLW    6   x06   b00000110 o006
143 x08F:   XORWF    F15 D1
144 x090:   GOTO     131 x083 b010000011 o203
145 x091:   MOVLW    9   x09   b00001001 o011
146 x092:   MOVWF    F4 
147 x093:   MOVF     F0  D0
148 x094:   ANDLW    15  x0F   b00001111 o017
149 x095:   CALL     24  x18   b00011000 o030
150 x096:   BTFSC    F4  B0
151 x097:   GOTO     154 x09A b010011010 o232
152 x098:   MOVWF    F28
153 x099:   RETLW    000 x00   b00000000 o000
154 x09A:   MOVWF    F22
155 x09B:   BTFSC    F10 B7
156 x09C:   BSF      F22 B0
157 x09D:   SWAPF    F0  D0
158 x09E:   ANDLW    15  x0F   b00001111 o017
159 x09F:   CALL     24  x18   b00011000 o030
160 x0A0:   MOVWF    F26
161 x0A1:   BTFSC    F10 B6
162 x0A2:   BSF      F26 B0
163 x0A3:   INCF     F4  D1
164 x0A4:   GOTO     147 x093 b010010011 o223
165 x0A5:   MOVLW    24  x18   b00011000 o030
166 x0A6:   GOTO     65  x041 b001000001 o101
167 x0A7:   BSF      F12 B5
168 x0A8:   MOVLW    8   x08   b00001000 o010
169 x0A9:   GOTO     65  x041 b001000001 o101
170 x0AA:   MOVLW    72  x48   b01001000 o110
171 x0AB:   GOTO     65  x041 b001000001 o101
172 x0AC:   BSF      F12 B5
173 x0AD:   MOVLW    60  x3C   b00111100 o074
174 x0AE:   GOTO     65  x041 b001000001 o101
175 x0AF:   MOVLW    7   x07   b00000111 o007
176 x0B0:   MOVWF    F4 
177 x0B1:   CLRF     F0 
178 x0B2:   INCFSZ   F4  D1
179 x0B3:   GOTO     177 x0B1 b010110001 o261
180 x0B4:   BSF      F5  B7
181 x0B5:   BTFSS    F5  B7
182 x0B6:   GOTO     180 x0B4 b010110100 o264
183 x0B7:   MOVLW    255 xFF   b11111111 o377
184 x0B8:   MOVWF    F7 
185 x0B9:   CLRF     F6 
186 x0BA:   CALL     25  x19   b00011001 o031
187 x0BB:   INCF     F10 D1
188 x0BC:   CLRF     F30
189 x0BD:   CALL     165 xA5   b10100101 o245
190 x0BE:   MOVLW    32  x20   b00100000 o040
191 x0BF:   BTFSC    F20 B3
192 x0C0:   MOVLW    16  x10   b00010000 o020
193 x0C1:   IORWF    F30 D1
194 x0C2:   CALL     165 xA5   b10100101 o245
195 x0C3:   GOTO     396 x18C b110001100 o614
196 x0C4:   CALL     145 x91   b10010001 o221
197 x0C5:   BTFSC    F10 B5
198 x0C6:   GOTO     276 x114 b100010100 o424
199 x0C7:   CLRF     F31
200 x0C8:   MOVLW    48  x30   b00110000 o060
201 x0C9:   ANDWF    F15 D1
202 x0CA:   MOVLW    7   x07   b00000111 o007
203 x0CB:   ANDWF    F29 D1
204 x0CC:   BSF      F20 B0
205 x0CD:   BCF      F20 B1
206 x0CE:   MOVLW    48  x30   b00110000 o060
207 x0CF:   ANDWF    F30 D1
208 x0D0:   CLRF     F27
209 x0D1:   CALL     165 xA5   b10100101 o245
210 x0D2:   BCF      F29 B3
211 x0D3:   BSF      F27 B0
212 x0D4:   BTFSC    F8  B7
213 x0D5:   GOTO     229 x0E5 b011100101 o345
214 x0D6:   MOVLW    14  x0E   b00001110 o016
215 x0D7:   MOVWF    F25
216 x0D8:   CALL     165 xA5   b10100101 o245
217 x0D9:   DECFSZ   F25 D1
218 x0DA:   GOTO     216 x0D8 b011011000 o330
219 x0DB:   MOVLW    4   x04   b00000100 o004
220 x0DC:   BTFSC    F1  B0
221 x0DD:   MOVLW    8   x08   b00001000 o010
222 x0DE:   BTFSC    F1  B1
223 x0DF:   GOTO     227 x0E3 b011100011 o343
224 x0E0:   MOVLW    16  x10   b00010000 o020
225 x0E1:   BTFSC    F1  B3
226 x0E2:   MOVLW    32  x20   b00100000 o040
227 x0E3:   MOVWF    F11
228 x0E4:   GOTO     251 x0FB b011111011 o373
229 x0E5:   BSF      F27 B6
230 x0E6:   BTFSC    F5  B6
231 x0E7:   GOTO     240 x0F0 b011110000 o360
232 x0E8:   CALL     170 xAA   b10101010 o252
233 x0E9:   MOVLW    80  x50   b01010000 o120
234 x0EA:   BTFSC    F27 B4
235 x0EB:   MOVLW    20  x14   b00010100 o024
236 x0EC:   BTFSC    F27 B2
237 x0ED:   MOVLW    68  x44   b01000100 o104
238 x0EE:   XORWF    F27 D1
239 x0EF:   CALL     167 xA7   b10100111 o247
240 x0F0:   COMF     F5  D0
241 x0F1:   ANDLW    60  x3C   b00111100 o074
242 x0F2:   MOVWF    F11
243 x0F3:   BTFSS    F3  B2
244 x0F4:   GOTO     251 x0FB b011111011 o373
245 x0F5:   CALL     168 xA8   b10101000 o250
246 x0F6:   GOTO     230 x0E6 b011100110 o346
247 x0F7:   BTFSC    F3  B2
248 x0F8:   BTFSC    F5  B1
249 x0F9:   GOTO     251 x0FB b011111011 o373
250 x0FA:   GOTO     467 x1D3 b111010011 o723
251 x0FB:   BCF      F20 B2
252 x0FC:   BCF      F27 B0
253 x0FD:   MOVLW    1   x01   b00000001 o001
254 x0FE:   CALL     56  x38   b00111000 o070
255 x0FF:   MOVLW    3   x03   b00000011 o003
256 x100:   CALL     56  x38   b00111000 o070
257 x101:   MOVLW    6   x06   b00000110 o006
258 x102:   BTFSC    F11 B5
259 x103:   MOVLW    10  x0A   b00001010 o012
260 x104:   BTFSC    F11 B2
261 x105:   MOVLW    18  x12   b00010010 o022
262 x106:   CALL     56  x38   b00111000 o070
263 x107:   CLRF     F23
264 x108:   MOVLW    15  x0F   b00001111 o017
265 x109:   ANDWF    F1  D0
266 x10A:   IORLW    32  x20   b00100000 o040
267 x10B:   MOVWF    F25
268 x10C:   BTFSC    F15 B0
269 x10D:   GOTO     299 x12B b100101011 o453
270 x10E:   CALL     57  x39   b00111001 o071
271 x10F:   BTFSC    F15 B1
272 x110:   GOTO     305 x131 b100110001 o461
273 x111:   CALL     57  x39   b00111001 o071
274 x112:   BTFSS    F15 B2
275 x113:   BSF      F29 B3
276 x114:   BCF      F20 B0
277 x115:   BCF      F10 B5
278 x116:   BTFSC    F20 B2
279 x117:   GOTO     289 x121 b100100001 o441
280 x118:   MOVLW    128 x80   b10000000 o200
281 x119:   ADDWF    F1  D0
282 x11A:   BTFSS    F3  B0
283 x11B:   GOTO     289 x121 b100100001 o441
284 x11C:   MOVLW    1   x01   b00000001 o001
285 x11D:   BTFSS    F31 B2
286 x11E:   GOTO     292 x124 b100100100 o444
287 x11F:   MOVWF    F25
288 x120:   GOTO     407 x197 b110010111 o627
289 x121:   BTFSC    F31 B7
290 x122:   GOTO     458 x1CA b111001010 o712
291 x123:   GOTO     451 x1C3 b111000011 o703
292 x124:   BTFSC    F31 B0
293 x125:   MOVLW    2   x02   b00000010 o002
294 x126:   BTFSC    F31 B1
295 x127:   MOVLW    4   x04   b00000100 o004
296 x128:   ADDWF    F31 D1
297 x129:   BSF      F12 B1
298 x12A:   GOTO     204 x0CC b011001100 o314
299 x12B:   BCF      F20 B0
300 x12C:   BTFSC    F11 B5
301 x12D:   GOTO     311 x137 b100110111 o467
302 x12E:   BTFSC    F11 B2
303 x12F:   GOTO     276 x114 b100010100 o424
304 x130:   GOTO     339 x153 b101010011 o523
305 x131:   BCF      F20 B0
306 x132:   BTFSC    F11 B5
307 x133:   GOTO     311 x137 b100110111 o467
308 x134:   BTFSC    F11 B2
309 x135:   GOTO     325 x145 b101000101 o505
310 x136:   GOTO     339 x153 b101010011 o523
311 x137:   BTFSC    F27 B6
312 x138:   BSF      F20 B1
313 x139:   MOVLW    128 x80   b10000000 o200
314 x13A:   BTFSC    F27 B7
315 x13B:   MOVLW    192 xC0   b11000000 o300
316 x13C:   BTFSC    F27 B6
317 x13D:   MOVLW    96  x60   b01100000 o140
318 x13E:   BTFSC    F27 B5
319 x13F:   MOVLW    160 xA0   b10100000 o240
320 x140:   XORWF    F27 D1
321 x141:   CALL     167 xA7   b10100111 o247
322 x142:   DECFSZ   F25 D1
323 x143:   GOTO     313 x139 b100111001 o471
324 x144:   GOTO     352 x160 b101100000 o540
325 x145:   BTFSC    F27 B2
326 x146:   BSF      F20 B1
327 x147:   MOVLW    2   x02   b00000010 o002
328 x148:   BTFSC    F27 B1
329 x149:   MOVLW    6   x06   b00000110 o006
330 x14A:   BTFSC    F27 B2
331 x14B:   MOVLW    12  x0C   b00001100 o014
332 x14C:   BTFSC    F27 B3
333 x14D:   MOVLW    10  x0A   b00001010 o012
334 x14E:   XORWF    F27 D1
335 x14F:   CALL     167 xA7   b10100111 o247
336 x150:   DECFSZ   F25 D1
337 x151:   GOTO     327 x147 b101000111 o507
338 x152:   GOTO     352 x160 b101100000 o540
339 x153:   BTFSC    F27 B4
340 x154:   BSF      F20 B1
341 x155:   MOVLW    8   x08   b00001000 o010
342 x156:   BTFSC    F27 B3
343 x157:   MOVLW    24  x18   b00011000 o030
344 x158:   BTFSC    F27 B4
345 x159:   MOVLW    48  x30   b00110000 o060
346 x15A:   BTFSC    F27 B5
347 x15B:   MOVLW    40  x28   b00101000 o050
348 x15C:   XORWF    F27 D1
349 x15D:   CALL     167 xA7   b10100111 o247
350 x15E:   DECFSZ   F25 D1
351 x15F:   GOTO     341 x155 b101010101 o525
352 x160:   MOVLW    240 xF0   b11110000 o360
353 x161:   ANDWF    F15 D1
354 x162:   MOVLW    96  x60   b01100000 o140
355 x163:   BTFSC    F20 B1
356 x164:   GOTO     361 x169 b101101001 o551
357 x165:   SUBWF    F1  D0
358 x166:   MOVWF    F14
359 x167:   BTFSS    F3  B0
360 x168:   GOTO     368 x170 b101110000 o560
361 x169:   MOVLW    109 x6D   b01101101 o155
362 x16A:   SUBWF    F1  D0
363 x16B:   BTFSC    F3  B0
364 x16C:   GOTO     478 x1DE b111011110 o736
365 x16D:   BSF      F30 B6
366 x16E:   BSF      F12 B4
367 x16F:   GOTO     404 x194 b110010100 o624
368 x170:   CLRF     F27
369 x171:   BSF      F12 B1
370 x172:   CALL     170 xAA   b10101010 o252
371 x173:   MOVLW    77  x4D   b01001101 o115
372 x174:   ADDWF    F14 D0
373 x175:   BTFSC    F3  B0
374 x176:   GOTO     379 x17B b101111011 o573
375 x177:   BSF      F29 B7
376 x178:   BSF      F25 B2
377 x179:   CALL     172 xAC   b10101100 o254
378 x17A:   GOTO     386 x182 b110000010 o602
379 x17B:   MOVLW    61  x3D   b00111101 o075
380 x17C:   ADDWF    F14 D0
381 x17D:   BTFSC    F3  B0
382 x17E:   GOTO     388 x184 b110000100 o604
383 x17F:   BSF      F29 B6
384 x180:   MOVLW    3   x03   b00000011 o003
385 x181:   MOVWF    F25
386 x182:   CALL     172 xAC   b10101100 o254
387 x183:   GOTO     394 x18A b110001010 o612
388 x184:   MOVLW    32  x20   b00100000 o040
389 x185:   ADDWF    F14 D0
390 x186:   BTFSC    F3  B0
391 x187:   GOTO     403 x193 b110010011 o623
392 x188:   BSF      F29 B5
393 x189:   BSF      F25 B1
394 x18A:   CALL     172 xAC   b10101100 o254
395 x18B:   GOTO     406 x196 b110010110 o626
396 x18C:   BTFSC    F5  B7
397 x18D:   GOTO     188 x0BC b010111100 o274
398 x18E:   CALL     92  x5C   b01011100 o134
399 x18F:   BSF      F5  B7
400 x190:   BTFSS    F5  B7
401 x191:   GOTO     398 x18E b110001110 o616
402 x192:   GOTO     196 x0C4 b011000100 o304
403 x193:   BSF      F29 B4
404 x194:   MOVLW    1   x01   b00000001 o001
405 x195:   MOVWF    F25
406 x196:   CALL     172 xAC   b10101100 o254
407 x197:   BSF      F3  B0
408 x198:   RLF      F29 D0
409 x199:   MOVWF    F18
410 x19A:   MOVLW    240 xF0   b11110000 o360
411 x19B:   ANDWF    F29 D1
412 x19C:   CALL     170 xAA   b10101010 o252
413 x19D:   MOVF     F18 D0
414 x19E:   ANDLW    15  x0F   b00001111 o017
415 x19F:   IORWF    F29 D1
416 x1A0:   BTFSS    F29 B3
417 x1A1:   GOTO     434 x1B2 b110110010 o662
418 x1A2:   BTFSC    F20 B3
419 x1A3:   GOTO     427 x1AB b110101011 o653
420 x1A4:   MOVF     F9  D0
421 x1A5:   ANDLW    15  x0F   b00001111 o017
422 x1A6:   XORLW    9   x09   b00001001 o011
423 x1A7:   BTFSC    F3  B2
424 x1A8:   GOTO     443 x1BB b110111011 o673
425 x1A9:   INCF     F9  D1
426 x1AA:   GOTO     434 x1B2 b110110010 o662
427 x1AB:   SWAPF    F9  D0
428 x1AC:   ANDLW    15  x0F   b00001111 o017
429 x1AD:   XORLW    9   x09   b00001001 o011
430 x1AE:   BTFSC    F3  B2
431 x1AF:   GOTO     447 x1BF b110111111 o677
432 x1B0:   MOVLW    16  x10   b00010000 o020
433 x1B1:   ADDWF    F9  D1
434 x1B2:   CALL     145 x91   b10010001 o221
435 x1B3:   CALL     172 xAC   b10101100 o254
436 x1B4:   BTFSC    F29 B3
437 x1B5:   CALL     170 xAA   b10101010 o252
438 x1B6:   BCF      F3  B0
439 x1B7:   DECFSZ   F25 D1
440 x1B8:   GOTO     408 x198 b110011000 o630
441 x1B9:   CALL     170 xAA   b10101010 o252
442 x1BA:   GOTO     199 x0C7 b011000111 o307
443 x1BB:   MOVLW    240 xF0   b11110000 o360
444 x1BC:   ANDWF    F9  D1
445 x1BD:   BSF      F10 B7
446 x1BE:   GOTO     434 x1B2 b110110010 o662
447 x1BF:   MOVLW    15  x0F   b00001111 o017
448 x1C0:   ANDWF    F9  D1
449 x1C1:   BSF      F10 B6
450 x1C2:   GOTO     434 x1B2 b110110010 o662
451 x1C3:   MOVLW    64  x40   b01000000 o100
452 x1C4:   BTFSC    F31 B6
453 x1C5:   MOVLW    128 x80   b10000000 o200
454 x1C6:   ADDWF    F31 D1
455 x1C7:   BSF      F12 B0
456 x1C8:   CALL     172 xAC   b10101100 o254
457 x1C9:   GOTO     204 x0CC b011001100 o314
458 x1CA:   BTFSS    F20 B2
459 x1CB:   GOTO     478 x1DE b111011110 o736
460 x1CC:   MOVLW    168 xA8   b10101000 o250
461 x1CD:   ADDWF    F1  D0
462 x1CE:   BTFSS    F3  B0
463 x1CF:   GOTO     478 x1DE b111011110 o736
464 x1D0:   BSF      F30 B7
465 x1D1:   CALL     170 xAA   b10101010 o252
466 x1D2:   GOTO     455 x1C7 b111000111 o707
467 x1D3:   BSF      F10 B5
468 x1D4:   MOVLW    7   x07   b00000111 o007
469 x1D5:   MOVWF    F25
470 x1D6:   BTFSC    F5  B6
471 x1D7:   GOTO     396 x18C b110001100 o614
472 x1D8:   CALL     172 xAC   b10101100 o254
473 x1D9:   BSF      F12 B4
474 x1DA:   CALL     165 xA5   b10100101 o245
475 x1DB:   DECFSZ   F25 D1
476 x1DC:   GOTO     473 x1D9 b111011001 o731
477 x1DD:   BCF      F29 B0
478 x1DE:   CALL     170 xAA   b10101010 o252
479 x1DF:   BSF      F12 B4
480 x1E0:   CALL     170 xAA   b10101010 o252
481 x1E1:   MOVLW    16  x10   b00010000 o020
482 x1E2:   BTFSC    F15 B4
483 x1E3:   MOVLW    32  x20   b00100000 o040
484 x1E4:   ADDWF    F15 D1
485 x1E5:   BTFSS    F15 B6
486 x1E6:   GOTO     199 x0C7 b011000111 o307
487 x1E7:   CLRF     F15
488 x1E8:   CLRF     F31
489 x1E9:   CLRF     F29
490 x1EA:   CALL     172 xAC   b10101100 o254
491 x1EB:   BSF      F12 B4
492 x1EC:   CALL     170 xAA   b10101010 o252
493 x1ED:   CLRF     F27
494 x1EE:   BTFSC    F8  B7
495 x1EF:   BTFSC    F20 B3
496 x1F0:   GOTO     499 x1F3 b111110011 o763
497 x1F1:   BSF      F20 B3
498 x1F2:   GOTO     188 x0BC b010111100 o274
499 x1F3:   BCF      F20 B3
500 x1F4:   BTFSC    F10 B3
501 x1F5:   BTFSS    F10 B0
502 x1F6:   GOTO     187 x0BB b010111011 o273
503 x1F7:   CALL     170 xAA   b10101010 o252
504 x1F8:   MOVLW    191 xBF   b10111111 o277
505 x1F9:   MOVWF    F8 
506 x1FA:   CALL     25  x19   b00011001 o031
507 x1FB:   CLRF     F30
508 x1FC:   CALL     170 xAA   b10101010 o252
509 x1FD:   BTFSC    F5  B7
510 x1FE:   GOTO     508 x1FC b111111100 o774
511 x1FF:   GOTO     175 x0AF b010101111 o257
